<?xml version="1.0" encoding="UTF-8"?>
<!-- Generated by org.testng.reporters.JUnitXMLReporter -->
<testsuite ignored="0" hostname="DESKTOP-DJ4FDME" failures="0" tests="3" name="Default test" time="12.084" errors="0" timestamp="2024-01-17T21:17:48 IST">
  <testcase classname="org.wipro.uo.automation.testcases.LoginTestScenario_DDF" name="validateLoginFunc" time="0.471"/>
  <testcase classname="org.wipro.uo.automation.testcases.LoginTestScenario_DDF" name="validateLoginFunc" time="0.495"/>
  <testcase classname="org.wipro.uo.automation.testcases.LoginTestScenario_DDF" name="validateLoginFunc" time="0.424"/>
</testsuite> <!-- Default test -->
