<?xml version="1.0" encoding="UTF-8"?>
<!-- Generated by org.testng.reporters.JUnitXMLReporter -->
<testsuite ignored="2" hostname="DESKTOP-DJ4FDME" failures="0" tests="2" name="Test" time="35.134" errors="0" timestamp="2024-01-15T21:34:10 IST">
  <testcase classname="org.xyz.automation.HandleKeyboardMouse" name="handleAlerts" time="4.233"/>
  <testcase classname="org.xyz.automation.HandleKeyboardMouse" name="handleFrames" time="30.836"/>
  <testcase classname="org.xyz.automation.HandleKeyboardMouse" name="handleKeyboard" time="0.0">
    <ignored/>
  </testcase> <!-- handleKeyboard -->
  <testcase classname="org.xyz.automation.HandleKeyboardMouse" name="handleMouse" time="0.0">
    <ignored/>
  </testcase> <!-- handleMouse -->
</testsuite> <!-- Test -->
