<?xml version="1.0" encoding="UTF-8"?>
<!-- Generated by org.testng.reporters.JUnitXMLReporter -->
<testsuite ignored="0" hostname="DESKTOP-DJ4FDME" failures="1" tests="1" name="Test(failed)" time="0.083" errors="0" timestamp="2023-12-18T21:31:04 IST">
  <testcase classname="testNGDemo.FirstScenario" name="first_testcase" time="0.024">
    <failure type="java.lang.AssertionError" message="expected [Hello world] but found [Hello]">
      <![CDATA[java.lang.AssertionError: expected [Hello world] but found [Hello]
at testNGDemo.FirstScenario.first_testcase(FirstScenario.java:14)
at java.base/java.util.ArrayList.forEach(ArrayList.java:1511)
... Removed 33 stack frames]]>
    </failure>
  </testcase> <!-- first_testcase -->
</testsuite> <!-- Test(failed) -->
