<?xml version="1.0" encoding="UTF-8"?>
<testng-results ignored="0" total="1" passed="1" failed="0" skipped="0">
  <reporter-output>
  </reporter-output>
  <suite started-at="2024-01-17T21:52:41 IST" name="Default suite" finished-at="2024-01-17T21:53:04 IST" duration-ms="22407">
    <groups>
    </groups>
    <test started-at="2024-01-17T21:52:41 IST" name="Default test" finished-at="2024-01-17T21:53:04 IST" duration-ms="22407">
      <class name="org.wipro.uo.automation.testcases.SignInTestScenario">
        <test-method is-config="true" signature="launchBrowser()[pri:0, instance:org.wipro.uo.automation.testcases.SignInTestScenario@13fd2ccd]" started-at="2024-01-17T21:52:42 IST" name="launchBrowser" finished-at="2024-01-17T21:52:51 IST" duration-ms="9082" status="PASS">
          <reporter-output>
          </reporter-output>
        </test-method> <!-- launchBrowser -->
        <test-method signature="validatesigninFunc()[pri:0, instance:org.wipro.uo.automation.testcases.SignInTestScenario@13fd2ccd]" started-at="2024-01-17T21:52:51 IST" name="validatesigninFunc" finished-at="2024-01-17T21:53:04 IST" duration-ms="13224" status="PASS">
          <reporter-output>
          </reporter-output>
        </test-method> <!-- validatesigninFunc -->
        <test-method is-config="true" signature="closeBrowser()[pri:0, instance:org.wipro.uo.automation.testcases.SignInTestScenario@13fd2ccd]" started-at="2024-01-17T21:53:04 IST" name="closeBrowser" finished-at="2024-01-17T21:53:04 IST" duration-ms="1" status="PASS">
          <reporter-output>
          </reporter-output>
        </test-method> <!-- closeBrowser -->
      </class> <!-- org.wipro.uo.automation.testcases.SignInTestScenario -->
    </test> <!-- Default test -->
  </suite> <!-- Default suite -->
</testng-results>
